<?xml version="1.0" encoding="UTF-8"?>
<coverage generated="1750537306806" clover="3.2.0">
  <project timestamp="1750537306806" name="All files">
    <metrics statements="89" coveredstatements="85" conditionals="28" coveredconditionals="23" methods="8" coveredmethods="8" elements="125" coveredelements="116" complexity="0" loc="89" ncloc="89" packages="4" files="4" classes="4"/>
    <package name="backend">
      <metrics statements="11" coveredstatements="11" conditionals="4" coveredconditionals="3" methods="1" coveredmethods="1"/>
      <file name="app.js" path="/home/ace/development/projects/ama/backend/app.js">
        <metrics statements="11" coveredstatements="11" conditionals="4" coveredconditionals="3" methods="1" coveredmethods="1"/>
        <line num="1" count="3" type="stmt"/>
        <line num="2" count="3" type="stmt"/>
        <line num="4" count="3" type="stmt"/>
        <line num="7" count="3" type="stmt"/>
        <line num="8" count="3" type="stmt"/>
        <line num="11" count="3" type="stmt"/>
        <line num="12" count="3" type="stmt"/>
        <line num="15" count="3" type="stmt"/>
        <line num="16" count="7" type="stmt"/>
        <line num="17" count="7" type="cond" truecount="3" falsecount="1"/>
        <line num="20" count="3" type="stmt"/>
      </file>
    </package>
    <package name="backend.controllers">
      <metrics statements="64" coveredstatements="60" conditionals="24" coveredconditionals="20" methods="7" coveredmethods="7"/>
      <file name="questionController.js" path="/home/ace/development/projects/ama/backend/controllers/questionController.js">
        <metrics statements="64" coveredstatements="60" conditionals="24" coveredconditionals="20" methods="7" coveredmethods="7"/>
        <line num="1" count="3" type="stmt"/>
        <line num="4" count="3" type="stmt"/>
        <line num="5" count="4" type="stmt"/>
        <line num="6" count="4" type="stmt"/>
        <line num="7" count="2" type="cond" truecount="1" falsecount="1"/>
        <line num="8" count="0" type="stmt"/>
        <line num="10" count="2" type="cond" truecount="2" falsecount="0"/>
        <line num="11" count="1" type="stmt"/>
        <line num="13" count="1" type="stmt"/>
        <line num="18" count="3" type="stmt"/>
        <line num="19" count="5" type="stmt"/>
        <line num="20" count="5" type="stmt"/>
        <line num="21" count="5" type="stmt"/>
        <line num="26" count="2" type="cond" truecount="1" falsecount="1"/>
        <line num="27" count="0" type="stmt"/>
        <line num="29" count="2" type="stmt"/>
        <line num="31" count="3" type="cond" truecount="2" falsecount="0"/>
        <line num="32" count="1" type="stmt"/>
        <line num="34" count="2" type="cond" truecount="2" falsecount="0"/>
        <line num="35" count="1" type="stmt"/>
        <line num="37" count="1" type="stmt"/>
        <line num="42" count="3" type="stmt"/>
        <line num="43" count="6" type="stmt"/>
        <line num="44" count="6" type="stmt"/>
        <line num="45" count="6" type="cond" truecount="2" falsecount="0"/>
        <line num="46" count="2" type="stmt"/>
        <line num="48" count="4" type="stmt"/>
        <line num="49" count="2" type="stmt"/>
        <line num="51" count="2" type="cond" truecount="2" falsecount="0"/>
        <line num="52" count="1" type="stmt"/>
        <line num="54" count="1" type="stmt"/>
        <line num="59" count="3" type="stmt"/>
        <line num="60" count="3" type="stmt"/>
        <line num="61" count="3" type="stmt"/>
        <line num="62" count="2" type="stmt"/>
        <line num="64" count="1" type="stmt"/>
        <line num="69" count="3" type="stmt"/>
        <line num="70" count="4" type="stmt"/>
        <line num="71" count="4" type="stmt"/>
        <line num="72" count="4" type="cond" truecount="2" falsecount="0"/>
        <line num="73" count="1" type="stmt"/>
        <line num="75" count="3" type="stmt"/>
        <line num="80" count="1" type="cond" truecount="1" falsecount="1"/>
        <line num="81" count="1" type="stmt"/>
        <line num="83" count="0" type="stmt"/>
        <line num="85" count="2" type="cond" truecount="2" falsecount="0"/>
        <line num="86" count="1" type="stmt"/>
        <line num="88" count="1" type="stmt"/>
        <line num="93" count="3" type="stmt"/>
        <line num="94" count="4" type="stmt"/>
        <line num="95" count="4" type="stmt"/>
        <line num="96" count="2" type="cond" truecount="1" falsecount="1"/>
        <line num="97" count="0" type="stmt"/>
        <line num="99" count="2" type="stmt"/>
        <line num="101" count="2" type="cond" truecount="2" falsecount="0"/>
        <line num="102" count="1" type="stmt"/>
        <line num="104" count="1" type="stmt"/>
        <line num="109" count="3" type="stmt"/>
        <line num="110" count="2" type="stmt"/>
        <line num="111" count="2" type="stmt"/>
        <line num="112" count="1" type="stmt"/>
        <line num="113" count="1" type="stmt"/>
        <line num="114" count="1" type="stmt"/>
        <line num="116" count="1" type="stmt"/>
      </file>
    </package>
    <package name="backend.models">
      <metrics statements="3" coveredstatements="3" conditionals="0" coveredconditionals="0" methods="0" coveredmethods="0"/>
      <file name="Question.js" path="/home/ace/development/projects/ama/backend/models/Question.js">
        <metrics statements="3" coveredstatements="3" conditionals="0" coveredconditionals="0" methods="0" coveredmethods="0"/>
        <line num="1" count="5" type="stmt"/>
        <line num="3" count="5" type="stmt"/>
        <line num="18" count="5" type="stmt"/>
      </file>
    </package>
    <package name="backend.routes">
      <metrics statements="11" coveredstatements="11" conditionals="0" coveredconditionals="0" methods="0" coveredmethods="0"/>
      <file name="questionRoutes.js" path="/home/ace/development/projects/ama/backend/routes/questionRoutes.js">
        <metrics statements="11" coveredstatements="11" conditionals="0" coveredconditionals="0" methods="0" coveredmethods="0"/>
        <line num="1" count="3" type="stmt"/>
        <line num="2" count="3" type="stmt"/>
        <line num="9" count="3" type="stmt"/>
        <line num="11" count="3" type="stmt"/>
        <line num="12" count="3" type="stmt"/>
        <line num="13" count="3" type="stmt"/>
        <line num="14" count="3" type="stmt"/>
        <line num="15" count="3" type="stmt"/>
        <line num="16" count="3" type="stmt"/>
        <line num="17" count="3" type="stmt"/>
        <line num="19" count="3" type="stmt"/>
      </file>
    </package>
  </project>
</coverage>
