{"/home/ace/development/projects/ama/backend/app.js": {"path":"/home/ace/development/projects/ama/backend/app.js","statementMap":{"0":{"start":{"line":1,"column":16},"end":{"line":1,"column":34}},"1":{"start":{"line":2,"column":13},"end":{"line":2,"column":28}},"2":{"start":{"line":4,"column":12},"end":{"line":4,"column":21}},"3":{"start":{"line":7,"column":0},"end":{"line":7,"column":16}},"4":{"start":{"line":8,"column":0},"end":{"line":8,"column":24}},"5":{"start":{"line":11,"column":23},"end":{"line":11,"column":57}},"6":{"start":{"line":12,"column":0},"end":{"line":12,"column":32}},"7":{"start":{"line":15,"column":0},"end":{"line":18,"column":3}},"8":{"start":{"line":16,"column":2},"end":{"line":16,"column":21}},"9":{"start":{"line":17,"column":2},"end":{"line":17,"column":88}},"10":{"start":{"line":20,"column":0},"end":{"line":20,"column":21}}},"fnMap":{"0":{"name":"(anonymous_0)","decl":{"start":{"line":15,"column":8},"end":{"line":15,"column":9}},"loc":{"start":{"line":15,"column":33},"end":{"line":18,"column":1}},"line":15}},"branchMap":{"0":{"loc":{"start":{"line":17,"column":13},"end":{"line":17,"column":30}},"type":"binary-expr","locations":[{"start":{"line":17,"column":13},"end":{"line":17,"column":23}},{"start":{"line":17,"column":27},"end":{"line":17,"column":30}}],"line":17},"1":{"loc":{"start":{"line":17,"column":46},"end":{"line":17,"column":84}},"type":"binary-expr","locations":[{"start":{"line":17,"column":46},"end":{"line":17,"column":57}},{"start":{"line":17,"column":61},"end":{"line":17,"column":84}}],"line":17}},"s":{"0":3,"1":3,"2":3,"3":3,"4":3,"5":3,"6":3,"7":3,"8":7,"9":7,"10":3},"f":{"0":7},"b":{"0":[7,7],"1":[7,0]},"_coverageSchema":"1a1c01bbd47fc00a2c39e90264f33305004495a9","hash":"acfbab7498817c4fbff14ae3aeed84a1bedc20aa"}
,"/home/ace/development/projects/ama/backend/controllers/questionController.js": {"path":"/home/ace/development/projects/ama/backend/controllers/questionController.js","statementMap":{"0":{"start":{"line":1,"column":17},"end":{"line":1,"column":46}},"1":{"start":{"line":4,"column":0},"end":{"line":15,"column":2}},"2":{"start":{"line":5,"column":2},"end":{"line":14,"column":3}},"3":{"start":{"line":6,"column":14},"end":{"line":6,"column":52}},"4":{"start":{"line":7,"column":4},"end":{"line":7,"column":74}},"5":{"start":{"line":7,"column":12},"end":{"line":7,"column":74}},"6":{"start":{"line":8,"column":4},"end":{"line":8,"column":16}},"7":{"start":{"line":10,"column":4},"end":{"line":12,"column":5}},"8":{"start":{"line":11,"column":6},"end":{"line":11,"column":69}},"9":{"start":{"line":13,"column":4},"end":{"line":13,"column":14}},"10":{"start":{"line":18,"column":0},"end":{"line":39,"column":2}},"11":{"start":{"line":19,"column":2},"end":{"line":38,"column":3}},"12":{"start":{"line":20,"column":33},"end":{"line":20,"column":41}},"13":{"start":{"line":21,"column":20},"end":{"line":25,"column":5}},"14":{"start":{"line":26,"column":4},"end":{"line":28,"column":5}},"15":{"start":{"line":27,"column":6},"end":{"line":27,"column":68}},"16":{"start":{"line":29,"column":4},"end":{"line":29,"column":22}},"17":{"start":{"line":31,"column":4},"end":{"line":33,"column":5}},"18":{"start":{"line":32,"column":6},"end":{"line":32,"column":58}},"19":{"start":{"line":34,"column":4},"end":{"line":36,"column":5}},"20":{"start":{"line":35,"column":6},"end":{"line":35,"column":69}},"21":{"start":{"line":37,"column":4},"end":{"line":37,"column":14}},"22":{"start":{"line":42,"column":0},"end":{"line":56,"column":2}},"23":{"start":{"line":43,"column":2},"end":{"line":55,"column":3}},"24":{"start":{"line":44,"column":33},"end":{"line":44,"column":41}},"25":{"start":{"line":45,"column":4},"end":{"line":47,"column":5}},"26":{"start":{"line":46,"column":6},"end":{"line":46,"column":70}},"27":{"start":{"line":48,"column":17},"end":{"line":48,"column":60}},"28":{"start":{"line":49,"column":4},"end":{"line":49,"column":31}},"29":{"start":{"line":51,"column":4},"end":{"line":53,"column":5}},"30":{"start":{"line":52,"column":6},"end":{"line":52,"column":58}},"31":{"start":{"line":54,"column":4},"end":{"line":54,"column":14}},"32":{"start":{"line":59,"column":0},"end":{"line":66,"column":2}},"33":{"start":{"line":60,"column":2},"end":{"line":65,"column":3}},"34":{"start":{"line":61,"column":17},"end":{"line":61,"column":62}},"35":{"start":{"line":62,"column":4},"end":{"line":62,"column":19}},"36":{"start":{"line":64,"column":4},"end":{"line":64,"column":14}},"37":{"start":{"line":69,"column":0},"end":{"line":90,"column":2}},"38":{"start":{"line":70,"column":2},"end":{"line":89,"column":3}},"39":{"start":{"line":71,"column":23},"end":{"line":71,"column":31}},"40":{"start":{"line":72,"column":4},"end":{"line":74,"column":5}},"41":{"start":{"line":73,"column":6},"end":{"line":73,"column":68}},"42":{"start":{"line":75,"column":20},"end":{"line":79,"column":5}},"43":{"start":{"line":80,"column":4},"end":{"line":82,"column":5}},"44":{"start":{"line":81,"column":6},"end":{"line":81,"column":68}},"45":{"start":{"line":83,"column":4},"end":{"line":83,"column":22}},"46":{"start":{"line":85,"column":4},"end":{"line":87,"column":5}},"47":{"start":{"line":86,"column":6},"end":{"line":86,"column":69}},"48":{"start":{"line":88,"column":4},"end":{"line":88,"column":14}},"49":{"start":{"line":93,"column":0},"end":{"line":106,"column":2}},"50":{"start":{"line":94,"column":2},"end":{"line":105,"column":3}},"51":{"start":{"line":95,"column":20},"end":{"line":95,"column":67}},"52":{"start":{"line":96,"column":4},"end":{"line":98,"column":5}},"53":{"start":{"line":97,"column":6},"end":{"line":97,"column":68}},"54":{"start":{"line":99,"column":4},"end":{"line":99,"column":27}},"55":{"start":{"line":101,"column":4},"end":{"line":103,"column":5}},"56":{"start":{"line":102,"column":6},"end":{"line":102,"column":69}},"57":{"start":{"line":104,"column":4},"end":{"line":104,"column":14}},"58":{"start":{"line":109,"column":0},"end":{"line":118,"column":2}},"59":{"start":{"line":110,"column":2},"end":{"line":117,"column":3}},"60":{"start":{"line":111,"column":18},"end":{"line":111,"column":49}},"61":{"start":{"line":112,"column":21},"end":{"line":112,"column":75}},"62":{"start":{"line":113,"column":23},"end":{"line":113,"column":39}},"63":{"start":{"line":114,"column":4},"end":{"line":114,"column":46}},"64":{"start":{"line":116,"column":4},"end":{"line":116,"column":14}}},"fnMap":{"0":{"name":"(anonymous_0)","decl":{"start":{"line":4,"column":26},"end":{"line":4,"column":27}},"loc":{"start":{"line":4,"column":52},"end":{"line":15,"column":1}},"line":4},"1":{"name":"(anonymous_1)","decl":{"start":{"line":18,"column":25},"end":{"line":18,"column":26}},"loc":{"start":{"line":18,"column":51},"end":{"line":39,"column":1}},"line":18},"2":{"name":"(anonymous_2)","decl":{"start":{"line":42,"column":23},"end":{"line":42,"column":24}},"loc":{"start":{"line":42,"column":49},"end":{"line":56,"column":1}},"line":42},"3":{"name":"(anonymous_3)","decl":{"start":{"line":59,"column":26},"end":{"line":59,"column":27}},"loc":{"start":{"line":59,"column":52},"end":{"line":66,"column":1}},"line":59},"4":{"name":"(anonymous_4)","decl":{"start":{"line":69,"column":25},"end":{"line":69,"column":26}},"loc":{"start":{"line":69,"column":51},"end":{"line":90,"column":1}},"line":69},"5":{"name":"(anonymous_5)","decl":{"start":{"line":93,"column":25},"end":{"line":93,"column":26}},"loc":{"start":{"line":93,"column":51},"end":{"line":106,"column":1}},"line":93},"6":{"name":"(anonymous_6)","decl":{"start":{"line":109,"column":19},"end":{"line":109,"column":20}},"loc":{"start":{"line":109,"column":45},"end":{"line":118,"column":1}},"line":109}},"branchMap":{"0":{"loc":{"start":{"line":7,"column":4},"end":{"line":7,"column":74}},"type":"if","locations":[{"start":{"line":7,"column":4},"end":{"line":7,"column":74}},{"start":{},"end":{}}],"line":7},"1":{"loc":{"start":{"line":10,"column":4},"end":{"line":12,"column":5}},"type":"if","locations":[{"start":{"line":10,"column":4},"end":{"line":12,"column":5}},{"start":{},"end":{}}],"line":10},"2":{"loc":{"start":{"line":26,"column":4},"end":{"line":28,"column":5}},"type":"if","locations":[{"start":{"line":26,"column":4},"end":{"line":28,"column":5}},{"start":{},"end":{}}],"line":26},"3":{"loc":{"start":{"line":31,"column":4},"end":{"line":33,"column":5}},"type":"if","locations":[{"start":{"line":31,"column":4},"end":{"line":33,"column":5}},{"start":{},"end":{}}],"line":31},"4":{"loc":{"start":{"line":34,"column":4},"end":{"line":36,"column":5}},"type":"if","locations":[{"start":{"line":34,"column":4},"end":{"line":36,"column":5}},{"start":{},"end":{}}],"line":34},"5":{"loc":{"start":{"line":45,"column":4},"end":{"line":47,"column":5}},"type":"if","locations":[{"start":{"line":45,"column":4},"end":{"line":47,"column":5}},{"start":{},"end":{}}],"line":45},"6":{"loc":{"start":{"line":51,"column":4},"end":{"line":53,"column":5}},"type":"if","locations":[{"start":{"line":51,"column":4},"end":{"line":53,"column":5}},{"start":{},"end":{}}],"line":51},"7":{"loc":{"start":{"line":72,"column":4},"end":{"line":74,"column":5}},"type":"if","locations":[{"start":{"line":72,"column":4},"end":{"line":74,"column":5}},{"start":{},"end":{}}],"line":72},"8":{"loc":{"start":{"line":80,"column":4},"end":{"line":82,"column":5}},"type":"if","locations":[{"start":{"line":80,"column":4},"end":{"line":82,"column":5}},{"start":{},"end":{}}],"line":80},"9":{"loc":{"start":{"line":85,"column":4},"end":{"line":87,"column":5}},"type":"if","locations":[{"start":{"line":85,"column":4},"end":{"line":87,"column":5}},{"start":{},"end":{}}],"line":85},"10":{"loc":{"start":{"line":96,"column":4},"end":{"line":98,"column":5}},"type":"if","locations":[{"start":{"line":96,"column":4},"end":{"line":98,"column":5}},{"start":{},"end":{}}],"line":96},"11":{"loc":{"start":{"line":101,"column":4},"end":{"line":103,"column":5}},"type":"if","locations":[{"start":{"line":101,"column":4},"end":{"line":103,"column":5}},{"start":{},"end":{}}],"line":101}},"s":{"0":3,"1":3,"2":4,"3":4,"4":2,"5":2,"6":0,"7":2,"8":1,"9":1,"10":3,"11":5,"12":5,"13":5,"14":2,"15":0,"16":2,"17":3,"18":1,"19":2,"20":1,"21":1,"22":3,"23":6,"24":6,"25":6,"26":2,"27":4,"28":2,"29":2,"30":1,"31":1,"32":3,"33":3,"34":3,"35":2,"36":1,"37":3,"38":4,"39":4,"40":4,"41":1,"42":3,"43":1,"44":1,"45":0,"46":2,"47":1,"48":1,"49":3,"50":4,"51":4,"52":2,"53":0,"54":2,"55":2,"56":1,"57":1,"58":3,"59":2,"60":2,"61":1,"62":1,"63":1,"64":1},"f":{"0":4,"1":5,"2":6,"3":3,"4":4,"5":4,"6":2},"b":{"0":[2,0],"1":[1,1],"2":[0,2],"3":[1,2],"4":[1,1],"5":[2,4],"6":[1,1],"7":[1,3],"8":[1,0],"9":[1,1],"10":[0,2],"11":[1,1]},"_coverageSchema":"1a1c01bbd47fc00a2c39e90264f33305004495a9","hash":"09d0f8ae10fb3164ae5fa6495c20f147e0c39dd1"}
,"/home/ace/development/projects/ama/backend/models/Question.js": {"path":"/home/ace/development/projects/ama/backend/models/Question.js","statementMap":{"0":{"start":{"line":1,"column":17},"end":{"line":1,"column":36}},"1":{"start":{"line":3,"column":23},"end":{"line":16,"column":2}},"2":{"start":{"line":18,"column":0},"end":{"line":18,"column":60}}},"fnMap":{},"branchMap":{},"s":{"0":5,"1":5,"2":5},"f":{},"b":{},"_coverageSchema":"1a1c01bbd47fc00a2c39e90264f33305004495a9","hash":"1219025bfddf115d9ff4d81b572b4bc83a14c30a"}
,"/home/ace/development/projects/ama/backend/routes/questionRoutes.js": {"path":"/home/ace/development/projects/ama/backend/routes/questionRoutes.js","statementMap":{"0":{"start":{"line":1,"column":16},"end":{"line":1,"column":34}},"1":{"start":{"line":2,"column":15},"end":{"line":2,"column":31}},"2":{"start":{"line":9,"column":4},"end":{"line":9,"column":48}},"3":{"start":{"line":11,"column":0},"end":{"line":11,"column":40}},"4":{"start":{"line":12,"column":0},"end":{"line":12,"column":42}},"5":{"start":{"line":13,"column":0},"end":{"line":13,"column":91}},"6":{"start":{"line":14,"column":0},"end":{"line":14,"column":90}},"7":{"start":{"line":15,"column":0},"end":{"line":15,"column":52}},"8":{"start":{"line":16,"column":0},"end":{"line":16,"column":48}},"9":{"start":{"line":17,"column":0},"end":{"line":17,"column":31}},"10":{"start":{"line":19,"column":0},"end":{"line":19,"column":24}}},"fnMap":{},"branchMap":{},"s":{"0":3,"1":3,"2":3,"3":3,"4":3,"5":3,"6":3,"7":3,"8":3,"9":3,"10":3},"f":{},"b":{},"_coverageSchema":"1a1c01bbd47fc00a2c39e90264f33305004495a9","hash":"ed5dc65944dc9106d99ffff604d0a6b42b5bc99f"}
}
