TN:
SF:app.js
FN:15,(anonymous_0)
FNF:1
FNH:1
FNDA:7,(anonymous_0)
DA:1,3
DA:2,3
DA:4,3
DA:7,3
DA:8,3
DA:11,3
DA:12,3
DA:15,3
DA:16,7
DA:17,7
DA:20,3
LF:11
LH:11
BRDA:17,0,0,7
BRDA:17,0,1,7
BRDA:17,1,0,7
BRDA:17,1,1,0
BRF:4
BRH:3
end_of_record
TN:
SF:controllers/questionController.js
FN:4,(anonymous_0)
FN:18,(anonymous_1)
FN:42,(anonymous_2)
FN:59,(anonymous_3)
FN:69,(anonymous_4)
FN:93,(anonymous_5)
FN:109,(anonymous_6)
FNF:7
FNH:7
FNDA:4,(anonymous_0)
FNDA:5,(anonymous_1)
FNDA:6,(anonymous_2)
FNDA:3,(anonymous_3)
FNDA:4,(anonymous_4)
FNDA:4,(anonymous_5)
FNDA:2,(anonymous_6)
DA:1,3
DA:4,3
DA:5,4
DA:6,4
DA:7,2
DA:8,0
DA:10,2
DA:11,1
DA:13,1
DA:18,3
DA:19,5
DA:20,5
DA:21,5
DA:26,2
DA:27,0
DA:29,2
DA:31,3
DA:32,1
DA:34,2
DA:35,1
DA:37,1
DA:42,3
DA:43,6
DA:44,6
DA:45,6
DA:46,2
DA:48,4
DA:49,2
DA:51,2
DA:52,1
DA:54,1
DA:59,3
DA:60,3
DA:61,3
DA:62,2
DA:64,1
DA:69,3
DA:70,4
DA:71,4
DA:72,4
DA:73,1
DA:75,3
DA:80,1
DA:81,1
DA:83,0
DA:85,2
DA:86,1
DA:88,1
DA:93,3
DA:94,4
DA:95,4
DA:96,2
DA:97,0
DA:99,2
DA:101,2
DA:102,1
DA:104,1
DA:109,3
DA:110,2
DA:111,2
DA:112,1
DA:113,1
DA:114,1
DA:116,1
LF:64
LH:60
BRDA:7,0,0,2
BRDA:7,0,1,0
BRDA:10,1,0,1
BRDA:10,1,1,1
BRDA:26,2,0,0
BRDA:26,2,1,2
BRDA:31,3,0,1
BRDA:31,3,1,2
BRDA:34,4,0,1
BRDA:34,4,1,1
BRDA:45,5,0,2
BRDA:45,5,1,4
BRDA:51,6,0,1
BRDA:51,6,1,1
BRDA:72,7,0,1
BRDA:72,7,1,3
BRDA:80,8,0,1
BRDA:80,8,1,0
BRDA:85,9,0,1
BRDA:85,9,1,1
BRDA:96,10,0,0
BRDA:96,10,1,2
BRDA:101,11,0,1
BRDA:101,11,1,1
BRF:24
BRH:20
end_of_record
TN:
SF:models/Question.js
FNF:0
FNH:0
DA:1,5
DA:3,5
DA:18,5
LF:3
LH:3
BRF:0
BRH:0
end_of_record
TN:
SF:routes/questionRoutes.js
FNF:0
FNH:0
DA:1,3
DA:2,3
DA:9,3
DA:11,3
DA:12,3
DA:13,3
DA:14,3
DA:15,3
DA:16,3
DA:17,3
DA:19,3
LF:11
LH:11
BRF:0
BRH:0
end_of_record
